TN:
SF:src/app.ts
FNF:0
FNH:0
DA:1,1
DA:2,1
DA:3,1
DA:4,1
DA:5,1
DA:7,1
DA:8,1
DA:9,1
DA:11,1
DA:12,1
DA:14,1
LF:11
LH:11
BRF:0
BRH:0
end_of_record
TN:
SF:src/database.ts
FNF:0
FNH:0
DA:1,1
DA:3,1
DA:4,1
LF:3
LH:3
BRF:0
BRH:0
end_of_record
TN:
SF:src/controllers/recommendationController.ts
FN:6,insert
FN:17,upvote
FN:25,downvote
FN:33,random
FN:39,get
FN:44,getTop
FN:51,getById
FNF:7
FNH:3
FNDA:3,insert
FNDA:0,upvote
FNDA:0,downvote
FNDA:0,random
FNDA:1,get
FNDA:1,getTop
FNDA:0,getById
DA:2,1
DA:3,1
DA:4,1
DA:7,3
DA:8,3
DA:9,1
DA:12,2
DA:14,2
DA:18,0
DA:20,0
DA:22,0
DA:26,0
DA:28,0
DA:30,0
DA:34,0
DA:36,0
DA:40,1
DA:41,1
DA:45,1
DA:47,1
DA:48,1
DA:52,0
DA:54,0
DA:55,0
DA:58,1
LF:25
LH:14
BRDA:8,0,0,1
BRF:1
BRH:1
end_of_record
TN:
SF:src/middlewares/errorHandlerMiddleware.ts
FN:8,errorHandlerMiddleware
FNF:1
FNH:1
FNDA:1,errorHandlerMiddleware
DA:2,1
DA:8,1
DA:14,1
DA:16,1
DA:17,1
DA:20,0
LF:6
LH:5
BRDA:16,0,0,1
BRF:1
BRH:1
end_of_record
TN:
SF:src/repositories/recommendationRepository.ts
FN:5,create
FN:16,findAll
FN:26,getAmountByScore
FN:33,getFindAllFilter
FN:45,find
FN:51,findByName
FN:57,updateScore
FN:66,remove
FNF:8
FNH:5
FNDA:2,create
FNDA:1,findAll
FNDA:1,getAmountByScore
FNDA:1,getFindAllFilter
FNDA:0,find
FNDA:2,findByName
FNDA:0,updateScore
FNDA:0,remove
DA:2,1
DA:6,2
DA:17,1
DA:19,1
DA:27,1
DA:36,1
DA:38,0
DA:40,0
DA:46,0
DA:52,2
DA:58,0
DA:67,0
DA:72,1
LF:13
LH:8
BRDA:36,0,0,1
BRF:1
BRH:1
end_of_record
TN:
SF:src/routers/recommendationRouter.ts
FNF:0
FNH:0
DA:1,1
DA:2,1
DA:4,1
DA:6,1
DA:7,1
DA:8,1
DA:9,1
DA:10,1
DA:11,1
DA:12,1
DA:14,1
LF:11
LH:11
BRF:0
BRH:0
end_of_record
TN:
SF:src/schemas/recommendationsSchemas.ts
FNF:0
FNH:0
DA:1,1
DA:4,1
DA:6,1
LF:3
LH:3
BRF:0
BRH:0
end_of_record
TN:
SF:src/services/recommendationsService.ts
FN:7,insert
FN:18,upvote
FN:24,downvote
FN:37,getByIdOrFail
FN:44,get
FN:48,getTop
FN:52,getRandom
FN:65,getByScore
FN:78,getScoreFilter
FNF:9
FNH:3
FNDA:2,insert
FNDA:0,upvote
FNDA:0,downvote
FNDA:0,getByIdOrFail
FNDA:1,get
FNDA:1,getTop
FNDA:0,getRandom
FNDA:0,getByScore
FNDA:0,getScoreFilter
DA:2,1
DA:3,1
DA:8,2
DA:12,2
DA:13,0
DA:15,2
DA:19,0
DA:21,0
DA:25,0
DA:27,0
DA:32,0
DA:33,0
DA:38,0
DA:39,0
DA:41,0
DA:45,1
DA:49,1
DA:53,0
DA:54,0
DA:56,0
DA:57,0
DA:58,0
DA:61,0
DA:62,0
DA:66,0
DA:71,0
DA:72,0
DA:75,0
DA:79,0
DA:80,0
DA:83,0
DA:86,1
DA:96,1
LF:33
LH:9
BRDA:12,0,0,0
BRDA:32,1,0,0
BRDA:39,2,0,0
BRDA:57,3,0,0
BRDA:71,4,0,0
BRDA:79,5,0,0
BRF:6
BRH:0
end_of_record
TN:
SF:src/utils/errorUtils.ts
FN:7,isAppError
FN:11,errorTypeToStatusCode
FN:19,conflictError
FN:23,notFoundError
FN:27,unauthorizedError
FN:31,wrongSchemaError
FNF:6
FNH:3
FNDA:1,isAppError
FNDA:1,errorTypeToStatusCode
FNDA:0,conflictError
FNDA:0,notFoundError
FNDA:0,unauthorizedError
FNDA:1,wrongSchemaError
DA:7,1
DA:8,1
DA:11,1
DA:12,1
DA:13,1
DA:14,1
DA:15,1
DA:16,0
DA:19,1
DA:20,0
DA:23,1
DA:24,0
DA:27,1
DA:28,0
DA:31,1
DA:32,1
LF:16
LH:12
BRDA:12,0,0,0
BRDA:13,1,0,0
BRDA:14,2,0,0
BRDA:15,3,0,1
BRDA:20,4,0,0
BRDA:20,4,1,0
BRDA:20,5,0,0
BRDA:20,5,1,0
BRDA:24,6,0,0
BRDA:24,6,1,0
BRDA:24,7,0,0
BRDA:24,7,1,0
BRDA:28,8,0,0
BRDA:28,8,1,0
BRDA:28,9,0,0
BRDA:28,9,1,0
BRDA:32,10,0,0
BRDA:32,10,1,1
BRDA:32,11,0,1
BRDA:32,11,1,1
BRF:20
BRH:4
end_of_record
TN:
SF:tests/factory/recommendationsFactory.ts
FN:3,returnRecomendationWithScore
FN:13,newRecomendation
FN:21,randomInt
FNF:3
FNH:2
FNDA:0,returnRecomendationWithScore
FNDA:3,newRecomendation
FNDA:1,randomInt
DA:1,1
DA:3,1
DA:4,0
DA:10,0
DA:13,1
DA:14,3
DA:18,3
DA:21,1
DA:22,1
DA:23,1
DA:24,1
LF:11
LH:9
BRF:0
BRH:0
end_of_record
