TN:
SF:src/app.ts
FNF:0
FNH:0
DA:7,1
DA:8,1
DA:9,1
DA:11,1
DA:12,1
LF:5
LH:5
BRF:0
BRH:0
end_of_record
TN:
SF:src/database.ts
FNF:0
FNH:0
DA:3,2
DA:4,2
LF:2
LH:2
BRF:0
BRH:0
end_of_record
TN:
SF:src/controllers/recommendationController.ts
FN:6,insert
FN:17,upvote
FN:25,downvote
FN:33,random
FN:39,get
FN:44,getTop
FN:51,getById
FNF:7
FNH:7
FNDA:3,insert
FNDA:1,upvote
FNDA:1,downvote
FNDA:2,random
FNDA:1,get
FNDA:1,getTop
FNDA:1,getById
DA:7,3
DA:8,3
DA:9,1
DA:12,2
DA:14,2
DA:18,1
DA:20,1
DA:22,1
DA:26,1
DA:28,1
DA:30,1
DA:34,2
DA:36,1
DA:40,1
DA:41,1
DA:45,1
DA:47,1
DA:48,1
DA:52,1
DA:54,1
DA:55,1
DA:58,1
LF:22
LH:22
BRDA:8,0,0,1
BRF:1
BRH:1
end_of_record
TN:
SF:src/middlewares/errorHandlerMiddleware.ts
FN:8,errorHandlerMiddleware
FNF:1
FNH:1
FNDA:2,errorHandlerMiddleware
DA:14,2
DA:16,2
DA:17,2
DA:20,0
LF:4
LH:3
BRDA:16,0,0,2
BRF:1
BRH:1
end_of_record
TN:
SF:src/repositories/recommendationRepository.ts
FN:5,create
FN:16,findAll
FN:26,getAmountByScore
FN:33,getFindAllFilter
FN:45,find
FN:51,findByName
FN:57,updateScore
FN:66,remove
FNF:8
FNH:7
FNDA:2,create
FNDA:6,findAll
FNDA:1,getAmountByScore
FNDA:6,getFindAllFilter
FNDA:3,find
FNDA:2,findByName
FNDA:2,updateScore
FNDA:0,remove
DA:6,2
DA:17,6
DA:19,6
DA:27,1
DA:36,6
DA:38,2
DA:40,2
DA:46,3
DA:52,2
DA:58,2
DA:67,0
DA:72,2
LF:12
LH:11
BRDA:36,0,0,4
BRF:1
BRH:1
end_of_record
TN:
SF:src/routers/recommendationRouter.ts
FNF:0
FNH:0
DA:4,1
DA:6,1
DA:7,1
DA:8,1
DA:9,1
DA:10,1
DA:11,1
DA:12,1
LF:8
LH:8
BRF:0
BRH:0
end_of_record
TN:
SF:src/schemas/recommendationsSchemas.ts
FNF:0
FNH:0
DA:4,1
DA:6,1
LF:2
LH:2
BRF:0
BRH:0
end_of_record
TN:
SF:src/services/recommendationsService.ts
FN:7,insert
FN:18,upvote
FN:24,downvote
FN:37,getByIdOrFail
FN:44,get
FN:48,getTop
FN:52,getRandom
FN:65,getByScore
FN:78,getScoreFilter
FNF:9
FNH:9
FNDA:4,insert
FNDA:3,upvote
FNDA:3,downvote
FNDA:7,getByIdOrFail
FNDA:1,get
FNDA:1,getTop
FNDA:5,getRandom
FNDA:5,getByScore
FNDA:5,getScoreFilter
DA:8,4
DA:12,4
DA:13,1
DA:15,3
DA:19,3
DA:21,2
DA:25,3
DA:27,3
DA:32,3
DA:33,1
DA:38,7
DA:39,7
DA:41,6
DA:45,1
DA:49,1
DA:53,5
DA:54,5
DA:56,5
DA:57,5
DA:58,2
DA:61,3
DA:62,3
DA:66,5
DA:71,5
DA:72,2
DA:75,3
DA:79,5
DA:80,4
DA:83,1
DA:86,2
LF:30
LH:30
BRDA:12,0,0,1
BRDA:32,1,0,1
BRDA:39,2,0,1
BRDA:57,3,0,2
BRDA:71,4,0,2
BRDA:79,5,0,4
BRF:6
BRH:6
end_of_record
TN:
SF:src/utils/errorUtils.ts
FN:7,isAppError
FN:11,errorTypeToStatusCode
FN:19,conflictError
FN:23,notFoundError
FN:27,unauthorizedError
FN:31,wrongSchemaError
FNF:6
FNH:5
FNDA:2,isAppError
FNDA:2,errorTypeToStatusCode
FNDA:1,conflictError
FNDA:3,notFoundError
FNDA:0,unauthorizedError
FNDA:1,wrongSchemaError
DA:8,2
DA:12,2
DA:13,2
DA:14,1
DA:15,1
DA:16,0
DA:20,1
DA:24,3
DA:28,0
DA:32,1
LF:10
LH:8
BRDA:12,0,0,0
BRDA:13,1,0,1
BRDA:14,2,0,0
BRDA:15,3,0,1
BRDA:20,4,0,1
BRDA:20,4,1,0
BRDA:20,5,0,1
BRDA:20,5,1,1
BRDA:24,6,0,0
BRDA:24,6,1,3
BRDA:24,7,0,3
BRDA:24,7,1,3
BRDA:28,8,0,0
BRDA:28,8,1,0
BRDA:28,9,0,0
BRDA:28,9,1,0
BRDA:32,10,0,0
BRDA:32,10,1,1
BRDA:32,11,0,1
BRDA:32,11,1,1
BRF:20
BRH:11
end_of_record
TN:
SF:tests/factory/recommendationsFactory.ts
FN:3,returnRecomendationWithScore
FN:13,newRecomendation
FN:21,randomInt
FNF:3
FNH:3
FNDA:9,returnRecomendationWithScore
FNDA:3,newRecomendation
FNDA:1,randomInt
DA:4,9
DA:10,9
DA:14,3
DA:18,3
DA:22,1
DA:23,1
DA:24,1
LF:7
LH:7
BRF:0
BRH:0
end_of_record
